<!--Contains all event types-->
<Events>
    <Event xmlns="http://schemas.microsoft.com/win/2004/08/events/event">
        <System>
            <Provider Guid="{5770385F-C22A-43E0-BF4C-06F5698FFBD9}" Name="Microsoft-Windows-Sysmon"/>
            <EventID>16</EventID>
            <Version>3</Version>
            <Level>4</Level>
            <Task>16</Task>
            <Opcode>0</Opcode>
            <Keywords>0x8000000000000000</Keywords>
            <TimeCreated SystemTime="2020-12-22T17:03:17.695250000Z"/>
            <EventRecordID>1</EventRecordID>
            <Correlation/>
            <Execution ProcessID="3032" ThreadID="1840"/>
            <Channel>Microsoft-Windows-Sysmon/Operational</Channel>
            <Computer>buddy-pc-win7</Computer>
            <Security UserID="S-1-5-21-451555073-2684619755-382164121-500"/>
        </System>
        <EventData>
            <Data Name="UtcTime">2020-12-22 17:03:17.695</Data>
            <Data Name="Configuration">C:\tmplulecc\bin\sysmonconfig-export.xml</Data>
            <Data Name="ConfigurationFileHash">SHA1=1D8B105A6CCE3DE5A9171415CFEE7787305A2A6D</Data>
        </EventData>
    </Event>
    <Event xmlns="http://schemas.microsoft.com/win/2004/08/events/event">
        <System>
            <Provider Guid="{5770385F-C22A-43E0-BF4C-06F5698FFBD9}" Name="Microsoft-Windows-Sysmon"/>
            <EventID>4</EventID>
            <Version>3</Version>
            <Level>4</Level>
            <Task>4</Task>
            <Opcode>0</Opcode>
            <Keywords>0x8000000000000000</Keywords>
            <TimeCreated SystemTime="2020-12-22T17:03:17.820250000Z"/>
            <EventRecordID>2</EventRecordID>
            <Correlation/>
            <Execution ProcessID="3164" ThreadID="1164"/>
            <Channel>Microsoft-Windows-Sysmon/Operational</Channel>
            <Computer>buddy-pc-win7</Computer>
            <Security UserID="S-1-5-18"/>
        </System>
        <EventData>
            <Data Name="UtcTime">2020-12-22 17:03:17.820</Data>
            <Data Name="State">Started</Data>
            <Data Name="Version">10.42</Data>
            <Data Name="SchemaVersion">4.23</Data>
        </EventData>
    </Event>
    <Event xmlns="http://schemas.microsoft.com/win/2004/08/events/event">
        <System>
            <Provider Guid="{5770385F-C22A-43E0-BF4C-06F5698FFBD9}" Name="Microsoft-Windows-Sysmon"/>
            <EventID>255</EventID>
            <Version>3</Version>
            <Level>2</Level>
            <Task>255</Task>
            <Opcode>0</Opcode>
            <Keywords>0x8000000000000000</Keywords>
            <TimeCreated SystemTime="2020-12-22T17:03:17.835875000Z"/>
            <EventRecordID>3</EventRecordID>
            <Correlation/>
            <Execution ProcessID="3164" ThreadID="1164"/>
            <Channel>Microsoft-Windows-Sysmon/Operational</Channel>
            <Computer>buddy-pc-win7</Computer>
            <Security UserID="S-1-5-18"/>
        </System>
        <EventData>
            <Data Name="UtcTime">2020-12-22 17:03:17.835</Data>
            <Data Name="ID">CREATE_PIPE</Data>
            <Data Name="Description">Unable to attach to \device\namedpipe</Data>
        </EventData>
    </Event>
    <Event xmlns="http://schemas.microsoft.com/win/2004/08/events/event">
        <System>
            <Provider Guid="{5770385F-C22A-43E0-BF4C-06F5698FFBD9}" Name="Microsoft-Windows-Sysmon"/>
            <EventID>9</EventID>
            <Version>2</Version>
            <Level>4</Level>
            <Task>9</Task>
            <Opcode>0</Opcode>
            <Keywords>0x8000000000000000</Keywords>
            <TimeCreated SystemTime="2020-12-22T17:03:17.835875000Z"/>
            <EventRecordID>4</EventRecordID>
            <Correlation/>
            <Execution ProcessID="3164" ThreadID="1164"/>
            <Channel>Microsoft-Windows-Sysmon/Operational</Channel>
            <Computer>buddy-pc-win7</Computer>
            <Security UserID="S-1-5-18"/>
        </System>
        <EventData>
            <Data Name="RuleName"/>
            <Data Name="UtcTime">2020-12-22 17:03:17.804</Data>
            <Data Name="ProcessGuid">{EBC3FDE9-DBEA-5FE0-0000-00108BDD0000}</Data>
            <Data Name="ProcessId">968</Data>
            <Data Name="Image">C:\Windows\System32\svchost.exe</Data>
            <Data Name="Device">\Device\HarddiskVolume2</Data>
        </EventData>
    </Event>
    <Event xmlns="http://schemas.microsoft.com/win/2004/08/events/event">
        <System>
            <Provider Guid="{5770385f-c22a-43e0-bf4c-06f5698ffbd9}" Name="Microsoft-Windows-Sysmon"/>
            <EventID>16</EventID>
            <Version>3</Version>
            <Level>4</Level>
            <Task>16</Task>
            <Opcode>0</Opcode>
            <Keywords>0x8000000000000000</Keywords>
            <TimeCreated SystemTime="2021-01-25T14:25:34.818957400Z"/>
            <EventRecordID>1</EventRecordID>
            <Correlation/>
            <Execution ProcessID="7052" ThreadID="7004"/>
            <Channel>Microsoft-Windows-Sysmon/Operational</Channel>
            <Computer>buddy-pc</Computer>
            <Security UserID="S-1-5-21-1852288756-2855655600-3920854149-500"/>
        </System>
        <EventData>
            <Data Name="UtcTime">2021-01-25 14:25:34.818</Data>
            <Data Name="Configuration">C:\tmpextnql\bin\sysmonconfig-export.xml</Data>
            <Data Name="ConfigurationFileHash">SHA1=9138B0B890CD7033B1B04947264D74AAF0B9F9F0</Data>
        </EventData>
    </Event>
    <Event xmlns="http://schemas.microsoft.com/win/2004/08/events/event">
        <System>
            <Provider Guid="{5770385f-c22a-43e0-bf4c-06f5698ffbd9}" Name="Microsoft-Windows-Sysmon"/>
            <EventID>1</EventID>
            <Version>5</Version>
            <Level>4</Level>
            <Task>1</Task>
            <Opcode>0</Opcode>
            <Keywords>0x8000000000000000</Keywords>
            <TimeCreated SystemTime="2021-01-25T14:25:35.860507700Z"/>
            <EventRecordID>49</EventRecordID>
            <Correlation/>
            <Execution ProcessID="5096" ThreadID="1436"/>
            <Channel>Microsoft-Windows-Sysmon/Operational</Channel>
            <Computer>buddy-pc</Computer>
            <Security UserID="S-1-5-18"/>
        </System>
        <EventData>
            <Data Name="RuleName"/>
            <Data Name="UtcTime">2021-01-25 14:25:35.859</Data>
            <Data Name="ProcessGuid">{d16cb8c4-d4df-600e-0000-0010790b1d00}</Data>
            <Data Name="ProcessId">7576</Data>
            <Data Name="Image">C:\tmpextnql\bin\is32bit.exe</Data>
            <Data Name="FileVersion">?</Data>
            <Data Name="Description">?</Data>
            <Data Name="Product">?</Data>
            <Data Name="Company">?</Data>
            <Data Name="OriginalFileName">?</Data>
            <Data Name="CommandLine">bin\is32bit.exe -f &quot;C:\Program Files (x86)\Microsoft
                Office\Office14\WINWORD.EXE&quot;
            </Data>
            <Data Name="CurrentDirectory">C:\tmpextnql\</Data>
            <Data Name="User">buddy-pc\buddy</Data>
            <Data Name="LogonGuid">{d16cb8c4-d47a-600e-0000-0020a1f40400}</Data>
            <Data Name="LogonId">0x4f4a1</Data>
            <Data Name="TerminalSessionId">1</Data>
            <Data Name="IntegrityLevel">High</Data>
            <Data Name="Hashes">SHA1=DC1AF7E611FB53D6B82F919041F7470301160483</Data>
            <Data Name="ParentProcessGuid">{d16cb8c4-d4d6-600e-0000-0010da791a00}</Data>
            <Data Name="ParentProcessId">2448</Data>
            <Data Name="ParentImage">C:\Python27\pythonw.exe</Data>
            <Data Name="ParentCommandLine">C:\Python27\pythonw.exe C:/tmpextnql/analyzer.py</Data>
        </EventData>
    </Event>
    <Event xmlns="http://schemas.microsoft.com/win/2004/08/events/event">
        <System>
            <Provider Guid="{5770385f-c22a-43e0-bf4c-06f5698ffbd9}" Name="Microsoft-Windows-Sysmon"/>
            <EventID>1</EventID>
            <Version>5</Version>
            <Level>4</Level>
            <Task>1</Task>
            <Opcode>0</Opcode>
            <Keywords>0x8000000000000000</Keywords>
            <TimeCreated SystemTime="2021-01-25T14:25:49.558508300Z"/>
            <EventRecordID>251</EventRecordID>
            <Correlation/>
            <Execution ProcessID="5096" ThreadID="1436"/>
            <Channel>Microsoft-Windows-Sysmon/Operational</Channel>
            <Computer>buddy-pc</Computer>
            <Security UserID="S-1-5-18"/>
        </System>
        <EventData>
            <Data Name="RuleName"/>
            <Data Name="UtcTime">2021-01-25 14:25:49.554</Data>
            <Data Name="ProcessGuid">{d16cb8c4-d4ed-600e-0000-00108c981e00}</Data>
            <Data Name="ProcessId">6824</Data>
            <Data Name="Image">C:\Windows\System32\conhost.exe</Data>
            <Data Name="FileVersion">10.0.17763.1075 (WinBuild.160101.0800)</Data>
            <Data Name="Description">Console Window Host</Data>
            <Data Name="Product">Microsoft® Windows® Operating System</Data>
            <Data Name="Company">Microsoft Corporation</Data>
            <Data Name="OriginalFileName">CONHOST.EXE</Data>
            <Data Name="CommandLine">\??\C:\windows\system32\conhost.exe 0xffffffff -ForceV1</Data>
            <Data Name="CurrentDirectory">C:\windows</Data>
            <Data Name="User">NT AUTHORITY\SYSTEM</Data>
            <Data Name="LogonGuid">{d16cb8c4-d472-600e-0000-0020e7030000}</Data>
            <Data Name="LogonId">0x3e7</Data>
            <Data Name="TerminalSessionId">0</Data>
            <Data Name="IntegrityLevel">System</Data>
            <Data Name="Hashes">SHA1=74F28DD9B0DA310D85F1931DB2749A26A9A8AB02</Data>
            <Data Name="ParentProcessGuid">{d16cb8c4-d4ed-600e-0000-0010bf931e00}</Data>
            <Data Name="ParentProcessId">3216</Data>
            <Data Name="ParentImage">C:\Windows\System32\appidpolicyconverter.exe</Data>
            <Data Name="ParentCommandLine">C:\windows\system32\appidpolicyconverter.exe</Data>
        </EventData>
    </Event>
    <Event xmlns="http://schemas.microsoft.com/win/2004/08/events/event">
        <System>
            <Provider Guid="{5770385f-c22a-43e0-bf4c-06f5698ffbd9}" Name="Microsoft-Windows-Sysmon"/>
            <EventID>10</EventID>
            <Version>3</Version>
            <Level>4</Level>
            <Task>10</Task>
            <Opcode>0</Opcode>
            <Keywords>0x8000000000000000</Keywords>
            <TimeCreated SystemTime="2021-01-25T14:25:49.561051200Z"/>
            <EventRecordID>253</EventRecordID>
            <Correlation/>
            <Execution ProcessID="5096" ThreadID="1436"/>
            <Channel>Microsoft-Windows-Sysmon/Operational</Channel>
            <Computer>buddy-pc</Computer>
            <Security UserID="S-1-5-18"/>
        </System>
        <EventData>
            <Data Name="RuleName"/>
            <Data Name="UtcTime">2021-01-25 14:25:49.558</Data>
            <Data Name="SourceProcessGUID">{d16cb8c4-d472-600e-0000-001067610000}</Data>
            <Data Name="SourceProcessId">560</Data>
            <Data Name="SourceThreadId">732</Data>
            <Data Name="SourceImage">C:\windows\system32\csrss.exe</Data>
            <Data Name="TargetProcessGUID">{d16cb8c4-d4ed-600e-0000-00108c981e00}</Data>
            <Data Name="TargetProcessId">6824</Data>
            <Data Name="TargetImage">C:\windows\system32\conhost.exe</Data>
            <Data Name="GrantedAccess">0x1fffff</Data>
            <Data Name="CallTrace">
                C:\windows\SYSTEM32\ntdll.dll+a07e4|C:\windows\SYSTEM32\CSRSRV.dll+1c00|C:\windows\SYSTEM32\CSRSRV.dll+631a|C:\windows\SYSTEM32\ntdll.dll+6a26f
            </Data>
        </EventData>
    </Event>
    <Event xmlns="http://schemas.microsoft.com/win/2004/08/events/event">
        <System>
            <Provider Guid="{5770385F-C22A-43E0-BF4C-06F5698FFBD9}" Name="Microsoft-Windows-Sysmon"/>
            <EventID>8</EventID>
            <Version>2</Version>
            <Level>4</Level>
            <Task>8</Task>
            <Opcode>0</Opcode>
            <Keywords>0x8000000000000000</Keywords>
            <TimeCreated SystemTime="2020-11-04T18:42:01.946875000Z"/>
            <EventRecordID>59897</EventRecordID>
            <Correlation/>
            <Execution ProcessID="1676" ThreadID="2512"/>
            <Channel>Microsoft-Windows-Sysmon/Operational</Channel>
            <Computer>buddy-pc-win7</Computer>
            <Security UserID="S-1-5-18"/>
        </System>
        <EventData>
            <Data Name="RuleName"/>
            <Data Name="UtcTime">2020-11-04 18:42:01.946</Data>
            <Data Name="SourceProcessGuid">{EBC3FDE9-F5C9-5FA2-0000-0010D4050100}</Data>
            <Data Name="SourceProcessId">992</Data>
            <Data Name="SourceImage">C:\Windows\System32\svchost.exe</Data>
            <Data Name="TargetProcessGuid">{EBC3FDE9-F5F9-5FA2-0000-001018F60800}</Data>
            <Data Name="TargetProcessId">0B80</Data>
            <Data Name="TargetImage">C:\Windows\System32\winlogon.exe</Data>
            <Data Name="NewThreadId">3520</Data>
            <Data Name="StartAddress">0x000007FF25273DC0</Data>
            <Data Name="StartModule">C:\windows\system32\UXINIT.dll</Data>
            <Data Name="StartFunction"/>
        </EventData>
    </Event>
    <Event xmlns="http://schemas.microsoft.com/win/2004/08/events/event">
        <System>
            <Provider Guid="{5770385f-c22a-43e0-bf4c-06f5698ffbd9}" Name="Microsoft-Windows-Sysmon"/>
            <EventID>17</EventID>
            <Version>1</Version>
            <Level>4</Level>
            <Task>17</Task>
            <Opcode>0</Opcode>
            <Keywords>0x8000000000000000</Keywords>
            <TimeCreated SystemTime="2021-01-25T14:25:36.688627500Z"/>
            <EventRecordID>85</EventRecordID>
            <Correlation/>
            <Execution ProcessID="5096" ThreadID="1436"/>
            <Channel>Microsoft-Windows-Sysmon/Operational</Channel>
            <Computer>buddy-pc</Computer>
            <Security UserID="S-1-5-18"/>
        </System>
        <EventData>
            <Data Name="RuleName"/>
            <Data Name="EventType">CreatePipe</Data>
            <Data Name="UtcTime">2021-01-25 14:25:36.678</Data>
            <Data Name="ProcessGuid">{d16cb8c4-d4d6-600e-0000-0010da791a00}</Data>
            <Data Name="ProcessId">2448</Data>
            <Data Name="PipeName">userpipe</Data>
            <Data Name="Image">C:\Python27\pythonw.exe</Data>
        </EventData>
    </Event>
    <Event xmlns="http://schemas.microsoft.com/win/2004/08/events/event">
        <System>
            <Provider Guid="{5770385f-c22a-43e0-bf4c-06f5698ffbd9}" Name="Microsoft-Windows-Sysmon"/>
            <EventID>18</EventID>
            <Version>1</Version>
            <Level>4</Level>
            <Task>18</Task>
            <Opcode>0</Opcode>
            <Keywords>0x8000000000000000</Keywords>
            <TimeCreated SystemTime="2021-01-25T14:25:36.688647500Z"/>
            <EventRecordID>86</EventRecordID>
            <Correlation/>
            <Execution ProcessID="5096" ThreadID="1436"/>
            <Channel>Microsoft-Windows-Sysmon/Operational</Channel>
            <Computer>buddy-pc</Computer>
            <Security UserID="S-1-5-18"/>
        </System>
        <EventData>
            <Data Name="RuleName"/>
            <Data Name="EventType">ConnectPipe</Data>
            <Data Name="UtcTime">2021-01-25 14:25:36.678</Data>
            <Data Name="ProcessGuid">{d16cb8c4-d4d6-600e-0000-0010da791a00}</Data>
            <Data Name="ProcessId">2448</Data>
            <Data Name="PipeName">&lt;Anonymous Pipe&gt;</Data>
            <Data Name="Image">C:\Python27\pythonw.exe</Data>
        </EventData>
    </Event>
    <Event xmlns="http://schemas.microsoft.com/win/2004/08/events/event">
        <System>
            <Provider Guid="{5770385F-C22A-43E0-BF4C-06F5698FFBD9}" Name="Microsoft-Windows-Sysmon"/>
            <EventID>8</EventID>
            <Version>2</Version>
            <Level>4</Level>
            <Task>8</Task>
            <Opcode>0</Opcode>
            <Keywords>0x8000000000000000</Keywords>
            <TimeCreated SystemTime="2020-11-04T18:42:01.118750000Z"/>
            <EventRecordID>59712</EventRecordID>
            <Correlation/>
            <Execution ProcessID="1676" ThreadID="2512"/>
            <Channel>Microsoft-Windows-Sysmon/Operational</Channel>
            <Computer>buddy-pc-win7</Computer>
            <Security UserID="S-1-5-18"/>
        </System>
        <EventData>
            <Data Name="RuleName"/>
            <Data Name="UtcTime">2020-11-04 18:42:01.103</Data>
            <Data Name="SourceProcessGuid">{EBC3FDE9-F5C9-5FA2-0000-0010D4050100}</Data>
            <Data Name="SourceProcessId">992</Data>
            <Data Name="SourceImage">C:\Windows\System32\excel.exe</Data>
            <Data Name="TargetProcessGuid">{EBC3FDE9-F5F8-5FA2-0000-001050A20800}</Data>
            <Data Name="TargetProcessId">3984</Data>
            <Data Name="TargetImage">C:\Windows\System32\winlogon.exe</Data>
            <Data Name="NewThreadId">4080</Data>
            <Data Name="StartAddress">0x000007FF25273DC0</Data>
            <Data Name="StartModule">C:\windows\system32\UXINIT.dll</Data>
            <Data Name="StartFunction"/>
        </EventData>
    </Event>
    <Event xmlns="http://schemas.microsoft.com/win/2004/08/events/event">
        <System>
            <Provider Guid="{5770385F-C22A-43E0-BF4C-06F5698FFBD9}" Name="Microsoft-Windows-Sysmon"/>
            <EventID>8</EventID>
            <Version>2</Version>
            <Level>4</Level>
            <Task>8</Task>
            <Opcode>0</Opcode>
            <Keywords>0x8000000000000000</Keywords>
            <TimeCreated SystemTime="2020-11-04T18:42:01.118750000Z"/>
            <EventRecordID>59712</EventRecordID>
            <Correlation/>
            <Execution ProcessID="1676" ThreadID="2512"/>
            <Channel>Microsoft-Windows-Sysmon/Operational</Channel>
            <Computer>buddy-pc-win7</Computer>
            <Security UserID="S-1-5-18"/>
        </System>
        <EventData>
            <Data Name="RuleName"/>
            <Data Name="UtcTime">2020-11-04 18:42:01.103</Data>
            <Data Name="SourceProcessGuid">{EBC3FDE9-F5C9-5FA2-0000-0010D4050100}</Data>
            <Data Name="SourceProcessId">992</Data>
            <Data Name="SourceImage">C:\Windows\System32\excel.exe</Data>
            <Data Name="TargetProcessGuid">{EBC3FDE9-F5F8-5FA2-0000-001050A20800}</Data>
            <Data Name="TargetProcessId">0C88</Data>
            <Data Name="TargetImage">C:\Windows\System32\winlogon.exe</Data>
            <Data Name="NewThreadId">4080</Data>
            <Data Name="StartAddress">0x000007FF25273DC0</Data>
            <Data Name="StartModule">null</Data>
            <Data Name="StartFunction"/>
        </EventData>
    </Event>
    <Event xmlns='http://schemas.microsoft.com/win/2004/08/events/event'>
        <System>
            <Provider Name='Microsoft-Windows-Sysmon' Guid='{5770385F-C22A-43E0-BF4C-06F5698FFBD9}'/>
            <EventID>10</EventID>
            <Version>3</Version>
            <Level>4</Level>
            <Task>10</Task>
            <Opcode>0</Opcode>
            <Keywords>0x8000000000000000</Keywords>
            <TimeCreated SystemTime='2020-11-04T18:42:01.118750000Z'/>
            <EventRecordID>59713</EventRecordID>
            <Correlation/>
            <Execution ProcessID='1676' ThreadID='2512'/>
            <Channel>Microsoft-Windows-Sysmon/Operational</Channel>
            <Computer>buddy-pc-win7</Computer>
            <Security UserID='S-1-5-18'/>
        </System>
        <EventData>
            <Data Name='RuleName'></Data>
            <Data Name='UtcTime'>2020-11-04 18:42:01.103</Data>
            <Data Name='SourceProcessGUID'>{EBC3FDE9-F5C9-5FA2-0000-0010D4050100}</Data>
            <Data Name='SourceProcessId'>992</Data>
            <Data Name='SourceThreadId'>436</Data>
            <Data Name='SourceImage'>C:\windows\system32\svchost.exe</Data>
            <Data Name='TargetProcessGUID'>{EBC3FDE9-F5F8-5FA2-0000-00102FAF0800}</Data>
            <Data Name='TargetProcessId'>4028</Data>
            <Data Name='TargetImage'>C:\windows\system32\LogonUI.exe</Data>
            <Data Name='GrantedAccess'>0x1478</Data>
            <Data Name='CallTrace'>
                C:\windows\SYSTEM32\ntdll.dll+68f7a|c:\windows\system32\themeservice.dll+34dc|c:\windows\system32\themeservice.dll+77f1|c:\windows\system32\themeservice.dll+7332|c:\windows\system32\themeservice.dll+6de7|c:\windows\system32\themeservice.dll+557c|C:\windows\system32\svchost.exe+1344|C:\windows\SYSTEM32\sechost.dll+a82d|C:\windows\system32\kernel32.dll+155dd|C:\windows\SYSTEM32\ntdll.dll+52b1d
            </Data>
        </EventData>
    </Event>
    <Event xmlns='http://schemas.microsoft.com/win/2004/08/events/event'>
        <System>
            <Provider Name='Microsoft-Windows-Sysmon' Guid='{5770385F-C22A-43E0-BF4C-06F5698FFBD9}'/>
            <EventID>1</EventID>
            <Version>5</Version>
            <Level>4</Level>
            <Task>1</Task>
            <Opcode>0</Opcode>
            <Keywords>0x8000000000000000</Keywords>
            <TimeCreated SystemTime='2020-11-04T18:42:01.337500000Z'/>
            <EventRecordID>59773</EventRecordID>
            <Correlation/>
            <Execution ProcessID='1676' ThreadID='2512'/>
            <Channel>Microsoft-Windows-Sysmon/Operational</Channel>
            <Computer>buddy-pc-win7</Computer>
            <Security UserID='S-1-5-18'/>
        </System>
        <EventData>
            <Data Name='RuleName'></Data>
            <Data Name='UtcTime'>2020-11-04 18:42:01.337</Data>
            <Data Name='ProcessGuid'>{EBC3FDE9-F5F9-5FA2-0000-001040EE0800}</Data>
            <Data Name='ProcessId'>2992</Data>
            <Data Name='Image'>C:\Windows\System32\smss.exe</Data>
            <Data Name='FileVersion'>6.1.7601.24553 (win7sp1_ldr_escrow.200416-1436)</Data>
            <Data Name='Description'>Windows Session Manager</Data>
            <Data Name='Product'>Microsoft® Windows® Operating System</Data>
            <Data Name='Company'>Microsoft Corporation</Data>
            <Data Name='OriginalFileName'>smss.exe</Data>
            <Data Name='CommandLine'>\SystemRoot\System32\smss.exe 00000000 00000040</Data>
            <Data Name='CurrentDirectory'>C:\windows\</Data>
            <Data Name='User'>NT AUTHORITY\SYSTEM</Data>
            <Data Name='LogonGuid'>{EBC3FDE9-F5C8-5FA2-0000-0020E7030000}</Data>
            <Data Name='LogonId'>0x3e7</Data>
            <Data Name='TerminalSessionId'>3</Data>
            <Data Name='IntegrityLevel'>System</Data>
            <Data Name='Hashes'>SHA1=F3570393BE044A62B030BBEA2E237810F986A4F8</Data>
            <Data Name='ParentProcessGuid'>{EBC3FDE9-F5C3-5FA2-0000-001082390000}</Data>
            <Data Name='ParentProcessId'>348</Data>
            <Data Name='ParentImage'>C:\Windows\System32\smss.exe</Data>
            <Data Name='ParentCommandLine'>\SystemRoot\System32\smss.exe</Data>
        </EventData>
    </Event>
    <Event xmlns='http://schemas.microsoft.com/win/2004/08/events/event'>
        <System>
            <Provider Name='Microsoft-Windows-Sysmon' Guid='{5770385F-C22A-43E0-BF4C-06F5698FFBD9}'/>
            <EventID>1</EventID>
            <Version>5</Version>
            <Level>4</Level>
            <Task>1</Task>
            <Opcode>0</Opcode>
            <Keywords>0x8000000000000000</Keywords>
            <TimeCreated SystemTime='2020-11-04T18:42:01.368750000Z'/>
            <EventRecordID>59784</EventRecordID>
            <Correlation/>
            <Execution ProcessID='1676' ThreadID='2512'/>
            <Channel>Microsoft-Windows-Sysmon/Operational</Channel>
            <Computer>buddy-pc-win7</Computer>
            <Security UserID='S-1-5-18'/>
        </System>
        <EventData>
            <Data Name='RuleName'></Data>
            <Data Name='UtcTime'>2020-11-04 18:42:01.353</Data>
            <Data Name='ProcessGuid'>{EBC3FDE9-F5F9-5FA2-0000-001092F00800}</Data>
            <Data Name='ProcessId'>3148</Data>
            <Data Name='Image'>C:\Windows\System32\csrss.exe</Data>
            <Data Name='FileVersion'>6.1.7600.16385 (win7_rtm.090713-1255)</Data>
            <Data Name='Description'>Client Server Runtime Process</Data>
            <Data Name='Product'>Microsoft® Windows® Operating System</Data>
            <Data Name='Company'>Microsoft Corporation</Data>
            <Data Name='OriginalFileName'>CSRSS.Exe</Data>
            <Data Name='CommandLine'>%%SystemRoot%%\system32\csrss.exe ObjectDirectory=\Windows
                SharedSection=1024,20480,768 Windows=On SubSystemType=Windows ServerDll=basesrv,1
                ServerDll=winsrv:UserServerDllInitialization,3 ServerDll=winsrv:ConServerDllInitialization,2
                ServerDll=sxssrv,4 ProfileControl=Off MaxRequestThreads=16
            </Data>
            <Data Name='CurrentDirectory'>C:\windows\system32</Data>
            <Data Name='User'>NT AUTHORITY\SYSTEM</Data>
            <Data Name='LogonGuid'>{EBC3FDE9-F5C8-5FA2-0000-0020E7030000}</Data>
            <Data Name='LogonId'>0x3e7</Data>
            <Data Name='TerminalSessionId'>3</Data>
            <Data Name='IntegrityLevel'>System</Data>
            <Data Name='Hashes'>SHA1=17542707A3D9FA13C569450FD978272EF7070A77</Data>
            <Data Name='ParentProcessGuid'>{EBC3FDE9-F5F9-5FA2-0000-001040EE0800}</Data>
            <Data Name='ParentProcessId'>2992</Data>
            <Data Name='ParentImage'>C:\Windows\System32\smss.exe</Data>
            <Data Name='ParentCommandLine'>\SystemRoot\System32\smss.exe 00000000 00000040</Data>
        </EventData>
    </Event>

    <Event xmlns='http://schemas.microsoft.com/win/2004/08/events/event'>
        <System>
            <Provider Name='Microsoft-Windows-Sysmon' Guid='{5770385F-C22A-43E0-BF4C-06F5698FFBD9}'/>
            <EventID>3</EventID>
            <Version>5</Version>
            <Level>4</Level>
            <Task>3</Task>
            <Opcode>0</Opcode>
            <Keywords>0x8000000000000000</Keywords>
            <TimeCreated SystemTime='2020-11-04T18:42:01.556250000Z'/>
            <EventRecordID>59817</EventRecordID>
            <Correlation/>
            <Execution ProcessID='1676' ThreadID='2520'/>
            <Channel>Microsoft-Windows-Sysmon/Operational</Channel>
            <Computer>buddy-pc-win7</Computer>
            <Security UserID='S-1-5-18'/>
        </System>
        <EventData>
            <Data Name='RuleName'></Data>
            <Data Name='UtcTime'>2020-11-04 18:42:00.451</Data>
            <Data Name='ProcessGuid'>{EBC3FDE9-F5C9-5FA2-0000-0010BF0C0100}</Data>
            <Data Name='ProcessId'>384</Data>
            <Data Name='Image'>C:\Windows\System32\svchost.exe</Data>
            <Data Name='User'>NT AUTHORITY\NETWORK SERVICE</Data>
            <Data Name='Protocol'>tcp</Data>
            <Data Name='Initiated'>false</Data>
            <Data Name='SourceIsIpv6'>false</Data>
            <Data Name='SourceIp'>10.162.98.5</Data>
            <Data Name='SourceHostname'>www.inetsim.org</Data>
            <Data Name='SourcePort'>49910</Data>
            <Data Name='SourcePortName'></Data>
            <Data Name='DestinationIsIpv6'>false</Data>
            <Data Name='DestinationIp'>10.163.96.7</Data>
            <Data Name='DestinationHostname'>buddy-pc-win7.reddog.microsoft.com</Data>
            <Data Name='DestinationPort'>3389</Data>
            <Data Name='DestinationPortName'>ms-wbt-server</Data>
        </EventData>
    </Event>
    <Event xmlns='http://schemas.microsoft.com/win/2004/08/events/event'>
        <System>
            <Provider Name='Microsoft-Windows-Sysmon' Guid='{5770385F-C22A-43E0-BF4C-06F5698FFBD9}'/>
            <EventID>3</EventID>
            <Version>5</Version>
            <Level>4</Level>
            <Task>3</Task>
            <Opcode>0</Opcode>
            <Keywords>0x8000000000000000</Keywords>
            <TimeCreated SystemTime='2020-11-04T18:42:01.556250000Z'/>
            <EventRecordID>59817</EventRecordID>
            <Correlation/>
            <Execution ProcessID='1676' ThreadID='2520'/>
            <Channel>Microsoft-Windows-Sysmon/Operational</Channel>
            <Computer>buddy-pc-win7</Computer>
            <Security UserID='S-1-5-18'/>
        </System>
        <EventData>
            <Data Name='RuleName'></Data>
            <Data Name='UtcTime'>2020-11-04 18:42:00.451</Data>
            <Data Name='ProcessGuid'>{EBC3FDE9-F5C9-5FA2-0000-0010BF0C0100}</Data>
            <Data Name='ProcessId'>384</Data>
            <Data Name='Image'>C:\Windows\System32\svchost.exe</Data>
            <Data Name='User'>NT AUTHORITY\NETWORK SERVICE</Data>
            <Data Name='Protocol'>tcp</Data>
            <Data Name='Initiated'>false</Data>
            <Data Name='SourceIsIpv6'>false</Data>
            <Data Name='SourceIp'>10.162.98.5</Data>
            <Data Name='SourceHostname'>www.inetsim.org</Data>
            <Data Name='SourcePort'>49910</Data>
            <Data Name='SourcePortName'></Data>
            <Data Name='DestinationIsIpv6'>false</Data>
            <Data Name='DestinationIp'>10.163.96.7</Data>
            <Data Name='DestinationHostname'>buddy-pc-win7.reddog.microsoft.com</Data>
            <Data Name='DestinationPort'>3389</Data>
            <Data Name='DestinationPortName'>ms-wbt-server</Data>
        </EventData>
    </Event>
    <Event xmlns='http://schemas.microsoft.com/win/2004/08/events/event'>
        <System>
            <Provider Name='Microsoft-Windows-Sysmon' Guid='{5770385F-C22A-43E0-BF4C-06F5698FFBD9}'/>
            <EventID>3</EventID>
            <Version>5</Version>
            <Level>4</Level>
            <Task>3</Task>
            <Opcode>0</Opcode>
            <Keywords>0x8000000000000000</Keywords>
            <TimeCreated SystemTime='2020-11-04T18:42:01.556250000Z'/>
            <EventRecordID>59817</EventRecordID>
            <Correlation/>
            <Execution ProcessID='1676' ThreadID='2520'/>
            <Channel>Microsoft-Windows-Sysmon/Operational</Channel>
            <Computer>buddy-pc-win7</Computer>
            <Security UserID='S-1-5-18'/>
        </System>
        <EventData>
            <Data Name='RuleName'></Data>
            <Data Name='UtcTime'>2020-11-04 18:42:00.451</Data>
            <Data Name='ProcessGuid'>{EBC3FDE9-F5C9-5FA2-0000-0010BF0C0100}</Data>
            <Data Name='ProcessId'>384</Data>
            <Data Name='Image'>C:\Windows\System32\svchost.exe</Data>
            <Data Name='User'>NT AUTHORITY\NETWORK SERVICE</Data>
            <Data Name='Protocol'>tcp</Data>
            <Data Name='Initiated'>false</Data>
            <Data Name='SourceIsIpv6'>false</Data>
            <Data Name='SourceIp'>10.162.98.5</Data>
            <Data Name='SourceHostname'>www.inetsim.org</Data>
            <Data Name='SourcePort'>49910</Data>
            <Data Name='SourcePortName'></Data>
            <Data Name='DestinationIsIpv6'>false</Data>
            <Data Name='DestinationIp'>10.163.96.7</Data>
            <Data Name='DestinationHostname'>buddy-pc-win7.reddog.microsoft.com</Data>
            <Data Name='DestinationPort'>3389</Data>
            <Data Name='DestinationPortName'>ms-wbt-server</Data>
        </EventData>
    </Event>
    <Event xmlns='http://schemas.microsoft.com/win/2004/08/events/event'>
        <System>
            <Provider Name='Microsoft-Windows-Sysmon' Guid='{5770385F-C22A-43E0-BF4C-06F5698FFBD9}'/>
            <EventID>4</EventID>
            <Version>3</Version>
            <Level>4</Level>
            <Task>4</Task>
            <Opcode>0</Opcode>
            <Keywords>0x8000000000000000</Keywords>
            <TimeCreated SystemTime='2021-01-19T20:08:27.436750000Z'/>
            <EventRecordID>61846</EventRecordID>
            <Correlation/>
            <Execution ProcessID='2060' ThreadID='2420'/>
            <Channel>Microsoft-Windows-Sysmon/Operational</Channel>
            <Computer>buddy-pc-win7</Computer>
            <Security UserID='S-1-5-18'/>
        </System>
        <EventData>
            <Data Name='UtcTime'>2021-01-19 20:08:27.436</Data>
            <Data Name='State'>Started</Data>
            <Data Name='Version'>10.42</Data>
            <Data Name='SchemaVersion'>4.23</Data>
        </EventData>
    </Event>
    <Event xmlns="http://schemas.microsoft.com/win/2004/08/events/event">
        <System>
            <Provider Guid="{5770385f-c22a-43e0-bf4c-06f5698ffbd9}" Name="Microsoft-Windows-Sysmon"/>
            <EventID>4</EventID>
            <Version>3</Version>
            <Level>4</Level>
            <Task>4</Task>
            <Opcode>0</Opcode>
            <Keywords>0x8000000000000000</Keywords>
            <TimeCreated SystemTime="2021-01-25T14:25:34.917067100Z"/>
            <EventRecordID>2</EventRecordID>
            <Correlation/>
            <Execution ProcessID="5096" ThreadID="1436"/>
            <Channel>Microsoft-Windows-Sysmon/Operational</Channel>
            <Computer>buddy-pc</Computer>
            <Security UserID="S-1-5-18"/>
        </System>
        <EventData>
            <Data Name="UtcTime">2021-01-25 14:25:34.912</Data>
            <Data Name="State">Started</Data>
            <Data Name="Version">10.42</Data>
            <Data Name="SchemaVersion">4.23</Data>
        </EventData>
    </Event>
    <Event xmlns='http://schemas.microsoft.com/win/2004/08/events/event'>
        <System>
            <Provider Name='Microsoft-Windows-Sysmon' Guid='{5770385F-C22A-43E0-BF4C-06F5698FFBD9}'/>
            <EventID>5</EventID>
            <Version>3</Version>
            <Level>4</Level>
            <Task>5</Task>
            <Opcode>0</Opcode>
            <Keywords>0x8000000000000000</Keywords>
            <TimeCreated SystemTime='2021-01-19T20:08:27.499250000Z'/>
            <EventRecordID>62605</EventRecordID>
            <Correlation/>
            <Execution ProcessID='2060' ThreadID='2420'/>
            <Channel>Microsoft-Windows-Sysmon/Operational</Channel>
            <Computer>buddy-pc-win7</Computer>
            <Security UserID='S-1-5-18'/>
        </System>
        <EventData>
            <Data Name='RuleName'></Data>
            <Data Name='UtcTime'>2021-01-19 20:08:17.062</Data>
            <Data Name='ProcessGuid'>{EBC3FDE9-3C31-6007-0000-0010813B0000}</Data>
            <Data Name='ProcessId'>392</Data>
            <Data Name='Image'>C:\Windows\System32\autochk.exe</Data>
        </EventData>
    </Event>
    <Event xmlns='http://schemas.microsoft.com/win/2004/08/events/event'>
        <System>
            <Provider Name='Microsoft-Windows-Sysmon' Guid='{5770385F-C22A-43E0-BF4C-06F5698FFBD9}'/>
            <EventID>5</EventID>
            <Version>3</Version>
            <Level>4</Level>
            <Task>5</Task>
            <Opcode>0</Opcode>
            <Keywords>0x8000000000000000</Keywords>
            <TimeCreated SystemTime='2021-01-19T20:08:27.577375000Z'/>
            <EventRecordID>63742</EventRecordID>
            <Correlation/>
            <Execution ProcessID='2060' ThreadID='2420'/>
            <Channel>Microsoft-Windows-Sysmon/Operational</Channel>
            <Computer>buddy-pc-win7</Computer>
            <Security UserID='S-1-5-18'/>
        </System>
        <EventData>
            <Data Name='RuleName'></Data>
            <Data Name='UtcTime'>2021-01-19 20:08:18.328</Data>
            <Data Name='ProcessGuid'>{EBC3FDE9-3C32-6007-0000-0010AB710000}</Data>
            <Data Name='ProcessId'>460</Data>
            <Data Name='Image'>C:\Windows\System32\smss.exe</Data>
        </EventData>
    </Event>
    <Event xmlns='http://schemas.microsoft.com/win/2004/08/events/event'>
        <System>
            <Provider Name='Microsoft-Windows-Sysmon' Guid='{5770385F-C22A-43E0-BF4C-06F5698FFBD9}'/>
            <EventID>5</EventID>
            <Version>3</Version>
            <Level>4</Level>
            <Task>5</Task>
            <Opcode>0</Opcode>
            <Keywords>0x8000000000000000</Keywords>
            <TimeCreated SystemTime='2021-01-19T20:08:27.577375000Z'/>
            <EventRecordID>63776</EventRecordID>
            <Correlation/>
            <Execution ProcessID='2060' ThreadID='2420'/>
            <Channel>Microsoft-Windows-Sysmon/Operational</Channel>
            <Computer>buddy-pc-win7</Computer>
            <Security UserID='S-1-5-18'/>
        </System>
        <EventData>
            <Data Name='RuleName'></Data>
            <Data Name='UtcTime'>2021-01-19 20:08:18.437</Data>
            <Data Name='ProcessGuid'>{EBC3FDE9-3C32-6007-0000-0010C3740000}</Data>
            <Data Name='ProcessId'>516</Data>
            <Data Name='Image'>C:\Windows\System32\smss.exe</Data>
        </EventData>
    </Event>
    <Event xmlns='http://schemas.microsoft.com/win/2004/08/events/event'>
        <System>
            <Provider Name='Microsoft-Windows-Sysmon' Guid='{5770385F-C22A-43E0-BF4C-06F5698FFBD9}'/>
            <EventID>6</EventID>
            <Version>3</Version>
            <Level>4</Level>
            <Task>6</Task>
            <Opcode>0</Opcode>
            <Keywords>0x8000000000000000</Keywords>
            <TimeCreated SystemTime='2021-01-19T20:08:27.514875000Z'/>
            <EventRecordID>62786</EventRecordID>
            <Correlation/>
            <Execution ProcessID='2060' ThreadID='2428'/>
            <Channel>Microsoft-Windows-Sysmon/Operational</Channel>
            <Computer>buddy-pc-win7</Computer>
            <Security UserID='S-1-5-18'/>
        </System>
        <EventData>
            <Data Name='RuleName'></Data>
            <Data Name='UtcTime'>2021-01-19 20:08:16.906</Data>
            <Data Name='ImageLoaded'>C:\Windows\System32\drivers\cdrom.sys</Data>
            <Data Name='Hashes'>SHA1=89204964B695862C31B10AB7129EC96B66C78F89</Data>
            <Data Name='Signed'>true</Data>
            <Data Name='Signature'>Microsoft Windows</Data>
            <Data Name='SignatureStatus'>Valid</Data>
        </EventData>
    </Event>
    <Event xmlns='http://schemas.microsoft.com/win/2004/08/events/event'>
        <System>
            <Provider Name='Microsoft-Windows-Sysmon' Guid='{5770385F-C22A-43E0-BF4C-06F5698FFBD9}'/>
            <EventID>6</EventID>
            <Version>3</Version>
            <Level>4</Level>
            <Task>6</Task>
            <Opcode>0</Opcode>
            <Keywords>0x8000000000000000</Keywords>
            <TimeCreated SystemTime='2021-01-19T20:08:27.561750000Z'/>
            <EventRecordID>63449</EventRecordID>
            <Correlation/>
            <Execution ProcessID='2060' ThreadID='2420'/>
            <Channel>Microsoft-Windows-Sysmon/Operational</Channel>
            <Computer>buddy-pc-win7</Computer>
            <Security UserID='S-1-5-18'/>
        </System>
        <EventData>
            <Data Name='RuleName'></Data>
            <Data Name='UtcTime'>2021-01-19 20:08:17.609</Data>
            <Data Name='ImageLoaded'>C:\Windows\System32\drivers\crashdmp.sys</Data>
            <Data Name='Hashes'>SHA1=67B6B0098EDAC00A18F3C42931975664632B16B5</Data>
            <Data Name='Signed'>true</Data>
            <Data Name='Signature'>Microsoft Windows</Data>
            <Data Name='SignatureStatus'>Valid</Data>
        </EventData>
    </Event>
    <Event xmlns='http://schemas.microsoft.com/win/2004/08/events/event'>
        <System>
            <Provider Name='Microsoft-Windows-Sysmon' Guid='{5770385F-C22A-43E0-BF4C-06F5698FFBD9}'/>
            <EventID>8</EventID>
            <Version>2</Version>
            <Level>4</Level>
            <Task>8</Task>
            <Opcode>0</Opcode>
            <Keywords>0x8000000000000000</Keywords>
            <TimeCreated SystemTime='2021-01-19T20:08:27.671125000Z'/>
            <EventRecordID>64396</EventRecordID>
            <Correlation/>
            <Execution ProcessID='2060' ThreadID='2420'/>
            <Channel>Microsoft-Windows-Sysmon/Operational</Channel>
            <Computer>buddy-pc-win7</Computer>
            <Security UserID='S-1-5-18'/>
        </System>
        <EventData>
            <Data Name='RuleName'></Data>
            <Data Name='UtcTime'>2021-01-19 20:08:19.062</Data>
            <Data Name='SourceProcessGuid'>{EBC3FDE9-3C32-6007-0000-001015080100}</Data>
            <Data Name='SourceProcessId'>124</Data>
            <Data Name='SourceImage'>C:\Windows\System32\svchost.exe</Data>
            <Data Name='TargetProcessGuid'>{EBC3FDE9-3C32-6007-0000-00103A7F0000}</Data>
            <Data Name='TargetProcessId'>620</Data>
            <Data Name='TargetImage'>C:\Windows\System32\winlogon.exe</Data>
            <Data Name='NewThreadId'>1204</Data>
            <Data Name='StartAddress'>0x000007FF25273DC0</Data>
            <Data Name='StartModule'>C:\windows\system32\UXINIT.dll</Data>
            <Data Name='StartFunction'></Data>
        </EventData>
    </Event>
    <Event xmlns='http://schemas.microsoft.com/win/2004/08/events/event'>
        <System>
            <Provider Name='Microsoft-Windows-Sysmon' Guid='{5770385F-C22A-43E0-BF4C-06F5698FFBD9}'/>
            <EventID>8</EventID>
            <Version>2</Version>
            <Level>4</Level>
            <Task>8</Task>
            <Opcode>0</Opcode>
            <Keywords>0x8000000000000000</Keywords>
            <TimeCreated SystemTime='2021-01-19T20:08:27.843000000Z'/>
            <EventRecordID>65935</EventRecordID>
            <Correlation/>
            <Execution ProcessID='2060' ThreadID='2420'/>
            <Channel>Microsoft-Windows-Sysmon/Operational</Channel>
            <Computer>buddy-pc-win7</Computer>
            <Security UserID='S-1-5-18'/>
        </System>
        <EventData>
            <Data Name='RuleName'></Data>
            <Data Name='UtcTime'>2021-01-19 20:08:27.608</Data>
            <Data Name='SourceProcessGuid'>{EBC3FDE9-3C32-6007-0000-001085EF0000}</Data>
            <Data Name='SourceProcessId'>880</Data>
            <Data Name='SourceImage'>C:\Windows\System32\svchost.exe</Data>
            <Data Name='TargetProcessGuid'>{EBC3FDE9-3C37-6007-0000-0010A78A0100}</Data>
            <Data Name='TargetProcessId'>1576</Data>
            <Data Name='TargetImage'>
                C:\Packages\Plugins\Microsoft.GuestConfiguration.ConfigurationforWindows\1.29.6.0\dsc\GC\gc_service.exe
            </Data>
            <Data Name='NewThreadId'>2460</Data>
            <Data Name='StartAddress'>0x0000000078F4DF40</Data>
            <Data Name='StartModule'>C:\windows\SYSTEM32\ntdll.dll</Data>
            <Data Name='StartFunction'>EtwpNotificationThread</Data>
        </EventData>
    </Event>
    <Event xmlns='http://schemas.microsoft.com/win/2004/08/events/event'>
        <System>
            <Provider Name='Microsoft-Windows-Sysmon' Guid='{5770385F-C22A-43E0-BF4C-06F5698FFBD9}'/>
            <EventID>8</EventID>
            <Version>2</Version>
            <Level>4</Level>
            <Task>8</Task>
            <Opcode>0</Opcode>
            <Keywords>0x8000000000000000</Keywords>
            <TimeCreated SystemTime='2021-01-19T20:08:36.718000000Z'/>
            <EventRecordID>70206</EventRecordID>
            <Correlation/>
            <Execution ProcessID='2060' ThreadID='2420'/>
            <Channel>Microsoft-Windows-Sysmon/Operational</Channel>
            <Computer>buddy-pc-win7</Computer>
            <Security UserID='S-1-5-18'/>
        </System>
        <EventData>
            <Data Name='RuleName'></Data>
            <Data Name='UtcTime'>2021-01-19 20:08:36.718</Data>
            <Data Name='SourceProcessGuid'>{EBC3FDE9-3C3B-6007-0000-0010988C0200}</Data>
            <Data Name='SourceProcessId'>1788</Data>
            <Data Name='SourceImage'>C:\WindowsAzure\GuestAgent_2.7.41491.993_2020-09-22_191535\WaAppAgent.exe</Data>
            <Data Name='TargetProcessGuid'>{EBC3FDE9-3C43-6007-0000-0010EB0B0800}</Data>
            <Data Name='TargetProcessId'>3804</Data>
            <Data Name='TargetImage'>C:\Windows\System32\rundll32.exe</Data>
            <Data Name='NewThreadId'>3972</Data>
            <Data Name='StartAddress'>0x0000000078F4DF40</Data>
            <Data Name='StartModule'>C:\windows\SYSTEM32\ntdll.dll</Data>
            <Data Name='StartFunction'>EtwpNotificationThread</Data>
        </EventData>
    </Event>
    <Event xmlns='http://schemas.microsoft.com/win/2004/08/events/event'>
        <System>
            <Provider Name='Microsoft-Windows-Sysmon' Guid='{5770385F-C22A-43E0-BF4C-06F5698FFBD9}'/>
            <EventID>9</EventID>
            <Version>2</Version>
            <Level>4</Level>
            <Task>9</Task>
            <Opcode>0</Opcode>
            <Keywords>0x8000000000000000</Keywords>
            <TimeCreated SystemTime='2021-01-19T20:08:27.452375000Z'/>
            <EventRecordID>62111</EventRecordID>
            <Correlation/>
            <Execution ProcessID='2060' ThreadID='2420'/>
            <Channel>Microsoft-Windows-Sysmon/Operational</Channel>
            <Computer>buddy-pc-win7</Computer>
            <Security UserID='S-1-5-18'/>
        </System>
        <EventData>
            <Data Name='RuleName'></Data>
            <Data Name='UtcTime'>2021-01-19 20:08:16.687</Data>
            <Data Name='ProcessGuid'>{EBC3FDE9-3C31-6007-0000-0010EB030000}</Data>
            <Data Name='ProcessId'>4</Data>
            <Data Name='Image'>&lt;unknown process&gt;</Data>
            <Data Name='Device'>\Device\HarddiskVolume2</Data>
        </EventData>
    </Event>
    <Event xmlns='http://schemas.microsoft.com/win/2004/08/events/event'>
        <System>
            <Provider Name='Microsoft-Windows-Sysmon' Guid='{5770385F-C22A-43E0-BF4C-06F5698FFBD9}'/>
            <EventID>9</EventID>
            <Version>2</Version>
            <Level>4</Level>
            <Task>9</Task>
            <Opcode>0</Opcode>
            <Keywords>0x8000000000000000</Keywords>
            <TimeCreated SystemTime='2021-01-19T20:08:27.452375000Z'/>
            <EventRecordID>62112</EventRecordID>
            <Correlation/>
            <Execution ProcessID='2060' ThreadID='2420'/>
            <Channel>Microsoft-Windows-Sysmon/Operational</Channel>
            <Computer>buddy-pc-win7</Computer>
            <Security UserID='S-1-5-18'/>
        </System>
        <EventData>
            <Data Name='RuleName'></Data>
            <Data Name='UtcTime'>2021-01-19 20:08:16.687</Data>
            <Data Name='ProcessGuid'>{EBC3FDE9-3C31-6007-0000-0010EB030000}</Data>
            <Data Name='ProcessId'>4</Data>
            <Data Name='Image'>&lt;unknown process&gt;</Data>
            <Data Name='Device'>\Device\HarddiskVolume2</Data>
        </EventData>
    </Event>
    <Event xmlns='http://schemas.microsoft.com/win/2004/08/events/event'>
        <System>
            <Provider Name='Microsoft-Windows-Sysmon' Guid='{5770385F-C22A-43E0-BF4C-06F5698FFBD9}'/>
            <EventID>9</EventID>
            <Version>2</Version>
            <Level>4</Level>
            <Task>9</Task>
            <Opcode>0</Opcode>
            <Keywords>0x8000000000000000</Keywords>
            <TimeCreated SystemTime='2021-01-19T20:08:27.468000000Z'/>
            <EventRecordID>62117</EventRecordID>
            <Correlation/>
            <Execution ProcessID='2060' ThreadID='2420'/>
            <Channel>Microsoft-Windows-Sysmon/Operational</Channel>
            <Computer>buddy-pc-win7</Computer>
            <Security UserID='S-1-5-18'/>
        </System>
        <EventData>
            <Data Name='RuleName'></Data>
            <Data Name='UtcTime'>2021-01-19 20:08:16.703</Data>
            <Data Name='ProcessGuid'>{EBC3FDE9-3C31-6007-0000-0010EB030000}</Data>
            <Data Name='ProcessId'>4</Data>
            <Data Name='Image'>&lt;unknown process&gt;</Data>
            <Data Name='Device'>\Device\HarddiskVolume2</Data>
        </EventData>
    </Event>
    