<Event xmlns='http://schemas.microsoft.com/win/2004/08/events/event'>
        <System>
            <Provider Name='Microsoft-Windows-Sysmon' Guid='{5770385F-C22A-43E0-BF4C-06F5698FFBD9}'/>
            <EventID>10</EventID>
            <Version>3</Version>
            <Level>4</Level>
            <Task>10</Task>
            <Opcode>0</Opcode>
            <Keywords>0x8000000000000000</Keywords>
            <TimeCreated SystemTime='2021-01-19T20:08:27.483625000Z'/>
            <EventRecordID>62441</EventRecordID>
            <Correlation/>
            <Execution ProcessID='2060' ThreadID='2420'/>
            <Channel>Microsoft-Windows-Sysmon/Operational</Channel>
            <Computer>buddy-pc-win7</Computer>
            <Security UserID='S-1-5-18'/>
        </System>
        <EventData>
            <Data Name='RuleName'></Data>
            <Data Name='UtcTime'>2021-01-19 20:08:17.031</Data>
            <Data Name='SourceProcessGUID'>{EBC3FDE9-3C31-6007-0000-001068370000}</Data>
            <Data Name='SourceProcessId'>380</Data>
            <Data Name='SourceThreadId'>384</Data>
            <Data Name='SourceImage'>C:\windows\System32\smss.exe</Data>
            <Data Name='TargetProcessGUID'>{EBC3FDE9-3C31-6007-0000-0010813B0000}</Data>
            <Data Name='TargetProcessId'>392</Data>
            <Data Name='TargetImage'>C:\windows\system32\autochk.exe</Data>
            <Data Name='GrantedAccess'>0x1fffff</Data>
            <Data Name='CallTrace'>
                C:\windows\SYSTEM32\ntdll.dll+697ea|C:\windows\SYSTEM32\ntdll.dll+4e90c|C:\windows\SYSTEM32\ntdll.dll+4e654|\SystemRoot\System32\smss.exe+111bc|\SystemRoot\System32\smss.exe+11625|\SystemRoot\System32\smss.exe+11386|\SystemRoot\System32\smss.exe+dfe5|\SystemRoot\System32\smss.exe+da41|\SystemRoot\System32\smss.exe+15386|\SystemRoot\System32\smss.exe+17d69|C:\windows\SYSTEM32\ntdll.dll+52b25
            </Data>
        </EventData>
    </Event>
    <Event xmlns='http://schemas.microsoft.com/win/2004/08/events/event'>
        <System>
            <Provider Name='Microsoft-Windows-Sysmon' Guid='{5770385F-C22A-43E0-BF4C-06F5698FFBD9}'/>
            <EventID>10</EventID>
            <Version>3</Version>
            <Level>4</Level>
            <Task>10</Task>
            <Opcode>0</Opcode>
            <Keywords>0x8000000000000000</Keywords>
            <TimeCreated SystemTime='2021-01-19T20:08:27.577375000Z'/>
            <EventRecordID>63711</EventRecordID>
            <Correlation/>
            <Execution ProcessID='2060' ThreadID='2420'/>
            <Channel>Microsoft-Windows-Sysmon/Operational</Channel>
            <Computer>buddy-pc-win7</Computer>
            <Security UserID='S-1-5-18'/>
        </System>
        <EventData>
            <Data Name='RuleName'></Data>
            <Data Name='UtcTime'>2021-01-19 20:08:18.171</Data>
            <Data Name='SourceProcessGUID'>{EBC3FDE9-3C31-6007-0000-001068370000}</Data>
            <Data Name='SourceProcessId'>380</Data>
            <Data Name='SourceThreadId'>388</Data>
            <Data Name='SourceImage'>C:\windows\System32\smss.exe</Data>
            <Data Name='TargetProcessGUID'>{EBC3FDE9-3C32-6007-0000-0010AB710000}</Data>
            <Data Name='TargetProcessId'>460</Data>
            <Data Name='TargetImage'>C:\windows\System32\smss.exe</Data>
            <Data Name='GrantedAccess'>0x1fffff</Data>
            <Data Name='CallTrace'>
                C:\windows\SYSTEM32\ntdll.dll+697ea|C:\windows\SYSTEM32\ntdll.dll+4e90c|C:\windows\SYSTEM32\ntdll.dll+4e654|\SystemRoot\System32\smss.exe+111bc|\SystemRoot\System32\smss.exe+11402|\SystemRoot\System32\smss.exe+16769|\SystemRoot\System32\smss.exe+15783|C:\windows\SYSTEM32\ntdll.dll+ceb4|C:\windows\SYSTEM32\ntdll.dll+f9077|C:\windows\SYSTEM32\ntdll.dll+52b25
            </Data>
        </EventData>
    </Event>
    <Event xmlns='http://schemas.microsoft.com/win/2004/08/events/event'>
        <System>
            <Provider Name='Microsoft-Windows-Sysmon' Guid='{5770385F-C22A-43E0-BF4C-06F5698FFBD9}'/>
            <EventID>10</EventID>
            <Version>3</Version>
            <Level>4</Level>
            <Task>10</Task>
            <Opcode>0</Opcode>
            <Keywords>0x8000000000000000</Keywords>
            <TimeCreated SystemTime='2021-01-19T20:08:27.577375000Z'/>
            <EventRecordID>63714</EventRecordID>
            <Correlation/>
            <Execution ProcessID='2060' ThreadID='2420'/>
            <Channel>Microsoft-Windows-Sysmon/Operational</Channel>
            <Computer>buddy-pc-win7</Computer>
            <Security UserID='S-1-5-18'/>
        </System>
        <EventData>
            <Data Name='RuleName'></Data>
            <Data Name='UtcTime'>2021-01-19 20:08:18.234</Data>
            <Data Name='SourceProcessGUID'>{EBC3FDE9-3C32-6007-0000-0010AB710000}</Data>
            <Data Name='SourceProcessId'>460</Data>
            <Data Name='SourceThreadId'>464</Data>
            <Data Name='SourceImage'>C:\windows\System32\smss.exe</Data>
            <Data Name='TargetProcessGUID'>{EBC3FDE9-3C32-6007-0000-00101D720000}</Data>
            <Data Name='TargetProcessId'>468</Data>
            <Data Name='TargetImage'>C:\windows\system32\csrss.exe</Data>
            <Data Name='GrantedAccess'>0x1fffff</Data>
            <Data Name='CallTrace'>
                C:\windows\SYSTEM32\ntdll.dll+697ea|C:\windows\SYSTEM32\ntdll.dll+4e90c|C:\windows\SYSTEM32\ntdll.dll+4e654|\SystemRoot\System32\smss.exe+111bc|\SystemRoot\System32\smss.exe+175a0|\SystemRoot\System32\smss.exe+113d0|\SystemRoot\System32\smss.exe+17375|\SystemRoot\System32\smss.exe+16aea|\SystemRoot\System32\smss.exe+15147|\SystemRoot\System32\smss.exe+17d69|C:\windows\SYSTEM32\ntdll.dll+52b25
            </Data>
        </EventData>
    </Event>
    <Event xmlns='http://schemas.microsoft.com/win/2004/08/events/event'>
        <System>
            <Provider Name='Microsoft-Windows-Sysmon' Guid='{5770385F-C22A-43E0-BF4C-06F5698FFBD9}'/>
            <EventID>10</EventID>
            <Version>3</Version>
            <Level>4</Level>
            <Task>10</Task>
            <Opcode>0</Opcode>
            <Keywords>0x8000000000000000</Keywords>
            <TimeCreated SystemTime='2021-01-19T20:08:27.577375000Z'/>
            <EventRecordID>63740</EventRecordID>
            <Correlation/>
            <Execution ProcessID='2060' ThreadID='2420'/>
            <Channel>Microsoft-Windows-Sysmon/Operational</Channel>
            <Computer>buddy-pc-win7</Computer>
            <Security UserID='S-1-5-18'/>
        </System>
        <EventData>
            <Data Name='RuleName'></Data>
            <Data Name='UtcTime'>2021-01-19 20:08:18.328</Data>
            <Data Name='SourceProcessGUID'>{EBC3FDE9-3C32-6007-0000-0010AB710000}</Data>
            <Data Name='SourceProcessId'>460</Data>
            <Data Name='SourceThreadId'>464</Data>
            <Data Name='SourceImage'>C:\windows\System32\smss.exe</Data>
            <Data Name='TargetProcessGUID'>{EBC3FDE9-3C32-6007-0000-0010C6740000}</Data>
            <Data Name='TargetProcessId'>508</Data>
            <Data Name='TargetImage'>C:\windows\system32\wininit.exe</Data>
            <Data Name='GrantedAccess'>0x1fffff</Data>
            <Data Name='CallTrace'>
                C:\windows\SYSTEM32\ntdll.dll+697ea|C:\windows\SYSTEM32\ntdll.dll+4e90c|C:\windows\SYSTEM32\ntdll.dll+4e654|\SystemRoot\System32\smss.exe+111bc|\SystemRoot\System32\smss.exe+11402|\SystemRoot\System32\smss.exe+1744b|\SystemRoot\System32\smss.exe+16afa|\SystemRoot\System32\smss.exe+15147|\SystemRoot\System32\smss.exe+17d69|C:\windows\SYSTEM32\ntdll.dll+52b25
            </Data>
        </EventData>
    </Event>
    <Event xmlns='http://schemas.microsoft.com/win/2004/08/events/event'>
        <System>
            <Provider Name='Microsoft-Windows-Sysmon' Guid='{5770385F-C22A-43E0-BF4C-06F5698FFBD9}'/>
            <EventID>10</EventID>
            <Version>3</Version>
            <Level>4</Level>
            <Task>10</Task>
            <Opcode>0</Opcode>
            <Keywords>0x8000000000000000</Keywords>
            <TimeCreated SystemTime='2021-01-19T20:08:27.577375000Z'/>
            <EventRecordID>63748</EventRecordID>
            <Correlation/>
            <Execution ProcessID='2060' ThreadID='2420'/>
            <Channel>Microsoft-Windows-Sysmon/Operational</Channel>
            <Computer>buddy-pc-win7</Computer>
            <Security UserID='S-1-5-18'/>
        </System>
        <EventData>
            <Data Name='RuleName'></Data>
            <Data Name='UtcTime'>2021-01-19 20:08:18.343</Data>
            <Data Name='SourceProcessGUID'>{EBC3FDE9-3C32-6007-0000-0010C3740000}</Data>
            <Data Name='SourceProcessId'>516</Data>
            <Data Name='SourceThreadId'>520</Data>
            <Data Name='SourceImage'>C:\windows\System32\smss.exe</Data>
            <Data Name='TargetProcessGUID'>{EBC3FDE9-3C32-6007-0000-001036760000}</Data>
            <Data Name='TargetProcessId'>532</Data>
            <Data Name='TargetImage'>C:\windows\system32\csrss.exe</Data>
            <Data Name='GrantedAccess'>0x1fffff</Data>
            <Data Name='CallTrace'>
                C:\windows\SYSTEM32\ntdll.dll+697ea|C:\windows\SYSTEM32\ntdll.dll+4e90c|C:\windows\SYSTEM32\ntdll.dll+4e654|\SystemRoot\System32\smss.exe+111bc|\SystemRoot\System32\smss.exe+175a0|\SystemRoot\System32\smss.exe+113d0|\SystemRoot\System32\smss.exe+17375|\SystemRoot\System32\smss.exe+16aea|\SystemRoot\System32\smss.exe+15147|\SystemRoot\System32\smss.exe+17d69|C:\windows\SYSTEM32\ntdll.dll+52b25
            </Data>
        </EventData>
    </Event>
    <Event xmlns='http://schemas.microsoft.com/win/2004/08/events/event'>
        <System>
            <Provider Name='Microsoft-Windows-Sysmon' Guid='{5770385F-C22A-43E0-BF4C-06F5698FFBD9}'/>
            <EventID>11</EventID>
            <Version>2</Version>
            <Level>4</Level>
            <Task>11</Task>
            <Opcode>0</Opcode>
            <Keywords>0x8000000000000000</Keywords>
            <TimeCreated SystemTime='2021-01-19T20:08:27.546125000Z'/>
            <EventRecordID>63270</EventRecordID>
            <Correlation/>
            <Execution ProcessID='2060' ThreadID='2420'/>
            <Channel>Microsoft-Windows-Sysmon/Operational</Channel>
            <Computer>buddy-pc-win7</Computer>
            <Security UserID='S-1-5-18'/>
        </System>
        <EventData>
            <Data Name='RuleName'></Data>
            <Data Name='UtcTime'>2021-01-19 20:08:17.156</Data>
            <Data Name='ProcessGuid'>{EBC3FDE9-3C31-6007-0000-0010EB030000}</Data>
            <Data Name='ProcessId'>4</Data>
            <Data Name='Image'>System</Data>
            <Data Name='TargetFilename'>C:\Windows\System32\wdi\LogFiles\WdiContextLog.etl.003</Data>
            <Data Name='CreationUtcTime'>2010-11-21 02:41:41.889</Data>
        </EventData>
    </Event>
    <Event xmlns='http://schemas.microsoft.com/win/2004/08/events/event'>
        <System>
            <Provider Name='Microsoft-Windows-Sysmon' Guid='{5770385F-C22A-43E0-BF4C-06F5698FFBD9}'/>
            <EventID>11</EventID>
            <Version>2</Version>
            <Level>4</Level>
            <Task>11</Task>
            <Opcode>0</Opcode>
            <Keywords>0x8000000000000000</Keywords>
            <TimeCreated SystemTime='2021-01-19T20:08:27.561750000Z'/>
            <EventRecordID>63448</EventRecordID>
            <Correlation/>
            <Execution ProcessID='2060' ThreadID='2420'/>
            <Channel>Microsoft-Windows-Sysmon/Operational</Channel>
            <Computer>buddy-pc-win7</Computer>
            <Security UserID='S-1-5-18'/>
        </System>
        <EventData>
            <Data Name='RuleName'></Data>
            <Data Name='UtcTime'>2021-01-19 20:08:17.562</Data>
            <Data Name='ProcessGuid'>{EBC3FDE9-3C31-6007-0000-001068370000}</Data>
            <Data Name='ProcessId'>380</Data>
            <Data Name='Image'>C:\windows\System32\smss.exe</Data>
            <Data Name='TargetFilename'>D:\pagefile.sys</Data>
            <Data Name='CreationUtcTime'>2021-01-19 19:45:16.703</Data>
        </EventData>
    </Event>
    <Event xmlns='http://schemas.microsoft.com/win/2004/08/events/event'>
        <System>
            <Provider Name='Microsoft-Windows-Sysmon' Guid='{5770385F-C22A-43E0-BF4C-06F5698FFBD9}'/>
            <EventID>11</EventID>
            <Version>2</Version>
            <Level>4</Level>
            <Task>11</Task>
            <Opcode>0</Opcode>
            <Keywords>0x8000000000000000</Keywords>
            <TimeCreated SystemTime='2021-01-19T20:08:27.561750000Z'/>
            <EventRecordID>63453</EventRecordID>
            <Correlation/>
            <Execution ProcessID='2060' ThreadID='2420'/>
            <Channel>Microsoft-Windows-Sysmon/Operational</Channel>
            <Computer>buddy-pc-win7</Computer>
            <Security UserID='S-1-5-18'/>
        </System>
        <EventData>
            <Data Name='RuleName'></Data>
            <Data Name='UtcTime'>2021-01-19 20:08:17.734</Data>
            <Data Name='ProcessGuid'>{EBC3FDE9-3C31-6007-0000-0010EB030000}</Data>
            <Data Name='ProcessId'>4</Data>
            <Data Name='Image'>System</Data>
            <Data Name='TargetFilename'>C:\Windows\System32\wdi\LogFiles\BootCKCL.etl</Data>
            <Data Name='CreationUtcTime'>2009-07-14 04:45:32.995</Data>
        </EventData>
    </Event>
    <Event xmlns='http://schemas.microsoft.com/win/2004/08/events/event'>
        <System>
            <Provider Name='Microsoft-Windows-Sysmon' Guid='{5770385F-C22A-43E0-BF4C-06F5698FFBD9}'/>
            <EventID>11</EventID>
            <Version>2</Version>
            <Level>4</Level>
            <Task>11</Task>
            <Opcode>0</Opcode>
            <Keywords>0x8000000000000000</Keywords>
            <TimeCreated SystemTime='2021-01-19T20:08:27.593000000Z'/>
            <EventRecordID>63955</EventRecordID>
            <Correlation/>
            <Execution ProcessID='2060' ThreadID='2420'/>
            <Channel>Microsoft-Windows-Sysmon/Operational</Channel>
            <Computer>buddy-pc-win7</Computer>
            <Security UserID='S-1-5-18'/>
        </System>
        <EventData>
            <Data Name='RuleName'></Data>
            <Data Name='UtcTime'>2021-01-19 20:08:18.515</Data>
            <Data Name='ProcessGuid'>{EBC3FDE9-3C32-6007-0000-00106E7D0000}</Data>
            <Data Name='ProcessId'>584</Data>
            <Data Name='Image'>C:\windows\system32\lsass.exe</Data>
            <Data Name='TargetFilename'>C:\Windows\debug\PASSWD.LOG</Data>
            <Data Name='CreationUtcTime'>2014-01-24 02:32:02.453</Data>
        </EventData>
    </Event>
    <Event xmlns='http://schemas.microsoft.com/win/2004/08/events/event'>
        <System>
            <Provider Name='Microsoft-Windows-Sysmon' Guid='{5770385F-C22A-43E0-BF4C-06F5698FFBD9}'/>
            <EventID>11</EventID>
            <Version>2</Version>
            <Level>4</Level>
            <Task>11</Task>
            <Opcode>0</Opcode>
            <Keywords>0x8000000000000000</Keywords>
            <TimeCreated SystemTime='2021-01-19T20:08:27.624250000Z'/>
            <EventRecordID>64190</EventRecordID>
            <Correlation/>
            <Execution ProcessID='2060' ThreadID='2420'/>
            <Channel>Microsoft-Windows-Sysmon/Operational</Channel>
            <Computer>buddy-pc-win7</Computer>
            <Security UserID='S-1-5-18'/>
        </System>
        <EventData>
            <Data Name='RuleName'></Data>
            <Data Name='UtcTime'>2021-01-19 20:08:18.781</Data>
            <Data Name='ProcessGuid'>{EBC3FDE9-3C32-6007-0000-001085EF0000}</Data>
            <Data Name='ProcessId'>880</Data>
            <Data Name='Image'>C:\windows\System32\svchost.exe</Data>
            <Data Name='TargetFilename'>C:\Windows\ServiceProfiles\LocalService\AppData\Local\lastalive0.dat</Data>
            <Data Name='CreationUtcTime'>2020-11-04 18:41:13.000</Data>
        </EventData>
    </Event>
    <Event xmlns='http://schemas.microsoft.com/win/2004/08/events/event'>
        <System>
            <Provider Name='Microsoft-Windows-Sysmon' Guid='{5770385F-C22A-43E0-BF4C-06F5698FFBD9}'/>
            <EventID>12</EventID>
            <Version>2</Version>
            <Level>4</Level>
            <Task>12</Task>
            <Opcode>0</Opcode>
            <Keywords>0x8000000000000000</Keywords>
            <TimeCreated SystemTime='2021-01-19T20:08:27.436750000Z'/>
            <EventRecordID>61847</EventRecordID>
            <Correlation/>
            <Execution ProcessID='2060' ThreadID='2420'/>
            <Channel>Microsoft-Windows-Sysmon/Operational</Channel>
            <Computer>buddy-pc-win7</Computer>
            <Security UserID='S-1-5-18'/>
        </System>
        <EventData>
            <Data Name='RuleName'></Data>
            <Data Name='EventType'>CreateKey</Data>
            <Data Name='UtcTime'>2021-01-19 20:08:15.796</Data>
            <Data Name='ProcessGuid'>{EBC3FDE9-3C31-6007-0000-0010EB030000}</Data>
            <Data Name='ProcessId'>4</Data>
            <Data Name='Image'>System</Data>
            <Data Name='TargetObject'>HKLM\System\CurrentControlSet\Enum\Root\LEGACY_SPLDR\0000\Control</Data>
        </EventData>
    </Event>
    <Event xmlns='http://schemas.microsoft.com/win/2004/08/events/event'>
        <System>
            <Provider Name='Microsoft-Windows-Sysmon' Guid='{5770385F-C22A-43E0-BF4C-06F5698FFBD9}'/>
            <EventID>12</EventID>
            <Version>2</Version>
            <Level>4</Level>
            <Task>12</Task>
            <Opcode>0</Opcode>
            <Keywords>0x8000000000000000</Keywords>
            <TimeCreated SystemTime='2021-01-19T20:08:27.436750000Z'/>
            <EventRecordID>61849</EventRecordID>
            <Correlation/>
            <Execution ProcessID='2060' ThreadID='2420'/>
            <Channel>Microsoft-Windows-Sysmon/Operational</Channel>
            <Computer>buddy-pc-win7</Computer>
            <Security UserID='S-1-5-18'/>
        </System>
        <EventData>
            <Data Name='RuleName'></Data>
            <Data Name='EventType'>CreateKey</Data>
            <Data Name='UtcTime'>2021-01-19 20:08:15.796</Data>
            <Data Name='ProcessGuid'>{EBC3FDE9-3C31-6007-0000-0010EB030000}</Data>
            <Data Name='ProcessId'>4</Data>
            <Data Name='Image'>System</Data>
            <Data Name='TargetObject'>HKLM\System\CurrentControlSet\Enum\Root\LEGACY_MUP\0000\Control</Data>
        </EventData>
    </Event>
    <Event xmlns='http://schemas.microsoft.com/win/2004/08/events/event'>
        <System>
            <Provider Name='Microsoft-Windows-Sysmon' Guid='{5770385F-C22A-43E0-BF4C-06F5698FFBD9}'/>
            <EventID>12</EventID>
            <Version>2</Version>
            <Level>4</Level>
            <Task>12</Task>
            <Opcode>0</Opcode>
            <Keywords>0x8000000000000000</Keywords>
            <TimeCreated SystemTime='2021-01-19T20:08:27.436750000Z'/>
            <EventRecordID>61851</EventRecordID>
            <Correlation/>
            <Execution ProcessID='2060' ThreadID='2420'/>
            <Channel>Microsoft-Windows-Sysmon/Operational</Channel>
            <Computer>buddy-pc-win7</Computer>
            <Security UserID='S-1-5-18'/>
        </System>
        <EventData>
            <Data Name='RuleName'></Data>
            <Data Name='EventType'>CreateKey</Data>
            <Data Name='UtcTime'>2021-01-19 20:08:15.796</Data>
            <Data Name='ProcessGuid'>{EBC3FDE9-3C31-6007-0000-0010EB030000}</Data>
            <Data Name='ProcessId'>4</Data>
            <Data Name='Image'>System</Data>
            <Data Name='TargetObject'>HKLM\System\CurrentControlSet\Enum\Root\LEGACY_HWPOLICY\0000\Control</Data>
        </EventData>
    </Event>
    <Event xmlns='http://schemas.microsoft.com/win/2004/08/events/event'>
        <System>
            <Provider Name='Microsoft-Windows-Sysmon' Guid='{5770385F-C22A-43E0-BF4C-06F5698FFBD9}'/>
            <EventID>13</EventID>
            <Version>2</Version>
            <Level>4</Level>
            <Task>13</Task>
            <Opcode>0</Opcode>
            <Keywords>0x8000000000000000</Keywords>
            <TimeCreated SystemTime='2021-01-19T20:08:27.436750000Z'/>
            <EventRecordID>61848</EventRecordID>
            <Correlation/>
            <Execution ProcessID='2060' ThreadID='2420'/>
            <Channel>Microsoft-Windows-Sysmon/Operational</Channel>
            <Computer>buddy-pc-win7</Computer>
            <Security UserID='S-1-5-18'/>
        </System>
        <EventData>
            <Data Name='RuleName'></Data>
            <Data Name='EventType'>SetValue</Data>
            <Data Name='UtcTime'>2021-01-19 20:08:15.796</Data>
            <Data Name='ProcessGuid'>{EBC3FDE9-3C31-6007-0000-0010EB030000}</Data>
            <Data Name='ProcessId'>4</Data>
            <Data Name='Image'>System</Data>
            <Data Name='TargetObject'>HKLM\System\CurrentControlSet\Enum\Root\LEGACY_SPLDR\0000\Control\ActiveService
            </Data>
            <Data Name='Details'>spldr</Data>
        </EventData>
    </Event>
    <Event xmlns='http://schemas.microsoft.com/win/2004/08/events/event'>
        <System>
            <Provider Name='Microsoft-Windows-Sysmon' Guid='{5770385F-C22A-43E0-BF4C-06F5698FFBD9}'/>
            <EventID>13</EventID>
            <Version>2</Version>
            <Level>4</Level>
            <Task>13</Task>
            <Opcode>0</Opcode>
            <Keywords>0x8000000000000000</Keywords>
            <TimeCreated SystemTime='2021-01-19T20:08:27.436750000Z'/>
            <EventRecordID>61850</EventRecordID>
            <Correlation/>
            <Execution ProcessID='2060' ThreadID='2420'/>
            <Channel>Microsoft-Windows-Sysmon/Operational</Channel>
            <Computer>buddy-pc-win7</Computer>
            <Security UserID='S-1-5-18'/>
        </System>
        <EventData>
            <Data Name='RuleName'></Data>
            <Data Name='EventType'>SetValue</Data>
            <Data Name='UtcTime'>2021-01-19 20:08:15.796</Data>
            <Data Name='ProcessGuid'>{EBC3FDE9-3C31-6007-0000-0010EB030000}</Data>
            <Data Name='ProcessId'>4</Data>
            <Data Name='Image'>System</Data>
            <Data Name='TargetObject'>HKLM\System\CurrentControlSet\Enum\Root\LEGACY_MUP\0000\Control\ActiveService
            </Data>
            <Data Name='Details'>Mup</Data>
        </EventData>
    </Event>
    <Event xmlns='http://schemas.microsoft.com/win/2004/08/events/event'>
        <System>
            <Provider Name='Microsoft-Windows-Sysmon' Guid='{5770385F-C22A-43E0-BF4C-06F5698FFBD9}'/>
            <EventID>13</EventID>
            <Version>2</Version>
            <Level>4</Level>
            <Task>13</Task>
            <Opcode>0</Opcode>
            <Keywords>0x8000000000000000</Keywords>
            <TimeCreated SystemTime='2021-01-19T20:08:27.436750000Z'/>
            <EventRecordID>61858</EventRecordID>
            <Correlation/>
            <Execution ProcessID='2060' ThreadID='2420'/>
            <Channel>Microsoft-Windows-Sysmon/Operational</Channel>
            <Computer>buddy-pc-win7</Computer>
            <Security UserID='S-1-5-18'/>
        </System>
        <EventData>
            <Data Name='RuleName'></Data>
            <Data Name='EventType'>SetValue</Data>
            <Data Name='UtcTime'>2021-01-19 20:08:15.796</Data>
            <Data Name='ProcessGuid'>{EBC3FDE9-3C31-6007-0000-0010EB030000}</Data>
            <Data Name='ProcessId'>4</Data>
            <Data Name='Image'>System</Data>
            <Data Name='TargetObject'>
                HKLM\System\CurrentControlSet\Enum\IDE\DiskVirtual_HD______________________________1.1.0___\5&amp;1278c138&amp;0&amp;0.0.0\Control\ActiveService
            </Data>
            <Data Name='Details'>Disk</Data>
        </EventData>
    </Event>
    <Event xmlns='http://schemas.microsoft.com/win/2004/08/events/event'>
        <System>
            <Provider Name='Microsoft-Windows-Sysmon' Guid='{5770385F-C22A-43E0-BF4C-06F5698FFBD9}'/>
            <EventID>15</EventID>
            <Version>2</Version>
            <Level>4</Level>
            <Task>15</Task>
            <Opcode>0</Opcode>
            <Keywords>0x8000000000000000</Keywords>
            <TimeCreated SystemTime='2021-01-19T20:08:33.655500000Z'/>
            <EventRecordID>67148</EventRecordID>
            <Correlation/>
            <Execution ProcessID='2060' ThreadID='2420'/>
            <Channel>Microsoft-Windows-Sysmon/Operational</Channel>
            <Computer>buddy-pc-win7</Computer>
            <Security UserID='S-1-5-18'/>
        </System>
        <EventData>
            <Data Name='RuleName'></Data>
            <Data Name='UtcTime'>2021-01-19 20:08:33.655</Data>
            <Data Name='ProcessGuid'>{EBC3FDE9-3C33-6007-0000-00103A4B0100}</Data>
            <Data Name='ProcessId'>1288</Data>
            <Data Name='Image'>C:\windows\system32\svchost.exe</Data>
            <Data Name='TargetFilename'>C:\Windows\System32\Tasks\Microsoft\Windows\PLA\GAEvents</Data>
            <Data Name='CreationUtcTime'>2020-05-27 18:55:40.869</Data>
            <Data Name='Hash'>SHA1=B5338E400ECBBEA0338F4462DB602F4B2CFC8901</Data>
        </EventData>
    </Event>
    <Event xmlns='http://schemas.microsoft.com/win/2004/08/events/event'>
        <System>
            <Provider Name='Microsoft-Windows-Sysmon' Guid='{5770385F-C22A-43E0-BF4C-06F5698FFBD9}'/>
            <EventID>15</EventID>
            <Version>2</Version>
            <Level>4</Level>
            <Task>15</Task>
            <Opcode>0</Opcode>
            <Keywords>0x8000000000000000</Keywords>
            <TimeCreated SystemTime='2021-01-19T20:08:33.655500000Z'/>
            <EventRecordID>67151</EventRecordID>
            <Correlation/>
            <Execution ProcessID='2060' ThreadID='2420'/>
            <Channel>Microsoft-Windows-Sysmon/Operational</Channel>
            <Computer>buddy-pc-win7</Computer>
            <Security UserID='S-1-5-18'/>
        </System>
        <EventData>
            <Data Name='RuleName'></Data>
            <Data Name='UtcTime'>2021-01-19 20:08:33.655</Data>
            <Data Name='ProcessGuid'>{EBC3FDE9-3C33-6007-0000-00103A4B0100}</Data>
            <Data Name='ProcessId'>1288</Data>
            <Data Name='Image'>C:\windows\system32\svchost.exe</Data>
            <Data Name='TargetFilename'>C:\Windows\System32\Tasks\Microsoft\Windows\PLA\GAEvents</Data>
            <Data Name='CreationUtcTime'>2020-05-27 18:55:40.869</Data>
            <Data Name='Hash'>SHA1=B5338E400ECBBEA0338F4462DB602F4B2CFC8901</Data>
        </EventData>
    </Event>
    <Event xmlns='http://schemas.microsoft.com/win/2004/08/events/event'>
        <System>
            <Provider Name='Microsoft-Windows-Sysmon' Guid='{5770385F-C22A-43E0-BF4C-06F5698FFBD9}'/>
            <EventID>15</EventID>
            <Version>2</Version>
            <Level>4</Level>
            <Task>15</Task>
            <Opcode>0</Opcode>
            <Keywords>0x8000000000000000</Keywords>
            <TimeCreated SystemTime='2021-01-19T20:08:33.655500000Z'/>
            <EventRecordID>67154</EventRecordID>
            <Correlation/>
            <Execution ProcessID='2060' ThreadID='2420'/>
            <Channel>Microsoft-Windows-Sysmon/Operational</Channel>
            <Computer>buddy-pc-win7</Computer>
            <Security UserID='S-1-5-18'/>
        </System>
        <EventData>
            <Data Name='RuleName'></Data>
            <Data Name='UtcTime'>2021-01-19 20:08:33.655</Data>
            <Data Name='ProcessGuid'>{EBC3FDE9-3C33-6007-0000-00103A4B0100}</Data>
            <Data Name='ProcessId'>1288</Data>
            <Data Name='Image'>C:\windows\system32\svchost.exe</Data>
            <Data Name='TargetFilename'>C:\Windows\System32\Tasks\Microsoft\Windows\PLA\GAEvents</Data>
            <Data Name='CreationUtcTime'>2020-05-27 18:55:40.869</Data>
            <Data Name='Hash'>SHA1=B5338E400ECBBEA0338F4462DB602F4B2CFC8901</Data>
        </EventData>
    </Event>
    <Event xmlns="http://schemas.microsoft.com/win/2004/08/events/event">
        <System>
            <Provider Guid="{5770385f-c22a-43e0-bf4c-06f5698ffbd9}" Name="Microsoft-Windows-Sysmon"/>
            <EventID>22</EventID>
            <Version>5</Version>
            <Level>4</Level>
            <Task>22</Task>
            <Opcode>0</Opcode>
            <Keywords>0x8000000000000000</Keywords>
            <TimeCreated SystemTime="2021-01-25T14:25:39.151129400Z"/>
            <EventRecordID>136</EventRecordID>
            <Correlation/>
            <Execution ProcessID="5096" ThreadID="1444"/>
            <Channel>Microsoft-Windows-Sysmon/Operational</Channel>
            <Computer>buddy-pc</Computer>
            <Security UserID="S-1-5-18"/>
        </System>
        <EventData>
            <Data Name="RuleName"/>
            <Data Name="UtcTime">2021-01-25 14:25:37.262</Data>
            <Data Name="ProcessGuid">{d16cb8c4-d4de-600e-0000-00100fc71c00}</Data>
            <Data Name="ProcessId">5096</Data>
            <Data Name="QueryName">7.96.163.10.in-addr.arpa.</Data>
            <Data Name="QueryStatus">0</Data>
            <Data Name="QueryResults">type: 12 buddy-pc.reddog.microsoft.com;</Data>
            <Data Name="Image">C:\Windows\SMaster.exe</Data>
        </EventData>
    </Event>

</Events>